<?xml version="1.0" encoding="UTF-8"?>
<!-- Generated by org.testng.reporters.JUnitXMLReporter -->
<testsuite ignored="0" hostname="LAPTOP-22SI24EH" failures="0" tests="3" name="Default test" time="0.621" errors="0" timestamp="2023-04-20T13:38:22 IST">
  <testcase classname="practice.Dataproviderusingexcel" name="readData" time="0.006"/>
  <testcase classname="practice.Dataproviderusingexcel" name="readData" time="0.0"/>
  <testcase classname="practice.Dataproviderusingexcel" name="readData" time="0.001"/>
</testsuite> <!-- Default test -->
